2021-07-09 12:05:54 - WARNING - <module>|24 -> 111
2021-07-09 12:07:01 - WARNING - <module>|24 -> 111
2021-07-09 12:07:02 - WARNING - <module>|432 -> 程序运行成功
2021-07-09 12:09:19 - WARNING - <module>|24 -> 111
2021-07-09 12:09:20 - WARNING - <module>|432 -> 程序运行成功
2021-07-09 12:12:16 - WARNING - <module>|432 -> 程序运行成功
2021-07-09 12:12:16 - INFO - <module>|433 -> 程序已运行
2021-07-09 12:13:51 - INFO - getCourse|207 -> 课程列表
2021-07-09 12:13:52 - WARNING - <module>|433 -> 程序运行成功
2021-07-09 12:13:52 - INFO - <module>|434 -> 程序已运行
2021-07-09 12:16:55 - INFO - <module>|432 -> 程序运行成功
2021-07-09 12:26:08 - INFO - <module>|439 -> 程序运行成功
2021-07-09 12:30:08 - INFO - <module>|441 -> 程序运行成功
2021-07-09 12:43:29 - INFO - <module>|442 -> 程序运行成功
2021-07-09 12:45:05 - INFO - <module>|442 -> 程序运行成功
2021-07-09 12:53:25 - INFO - <module>|446 -> 程序运行成功
2021-07-09 12:53:26 - WARNING - selectCourse|225 -> 选择课程为空'' is not in list
2021-07-09 12:53:34 - WARNING - selectCourse|225 -> 选择课程为空'' is not in list
2021-07-09 12:55:38 - INFO - <module>|448 -> 程序运行成功
2021-07-09 13:01:43 - INFO - <module>|448 -> 程序运行成功
2021-07-09 13:03:04 - INFO - <module>|447 -> 程序运行成功
2021-07-09 13:04:07 - INFO - <module>|447 -> 程序运行成功
2021-07-09 13:04:27 - INFO - <module>|447 -> 程序运行成功
2021-07-09 13:06:08 - INFO - <module>|447 -> 程序运行成功
2021-07-09 13:09:02 - INFO - <module>|448 -> 程序运行成功
2021-07-09 13:11:05 - INFO - <module>|448 -> 程序运行成功
2021-07-09 13:12:50 - INFO - <module>|450 -> 程序运行成功
2021-07-09 13:16:51 - INFO - <module>|449 -> 程序运行成功
2021-07-09 13:17:41 - INFO - <module>|450 -> 程序运行成功
2021-07-09 13:19:34 - INFO - <module>|451 -> 程序运行成功
2021-07-09 13:20:07 - INFO - <module>|451 -> 程序运行成功
2021-07-09 13:20:42 - INFO - <module>|451 -> 程序运行成功
2021-07-09 13:48:11 - INFO - <module>|454 -> 程序运行成功
2021-07-09 13:48:21 - INFO - <module>|454 -> 程序运行成功
2021-07-09 14:04:49 - INFO - <module>|454 -> 程序运行成功
2021-07-09 14:20:04 - INFO - <module>|454 -> 程序运行成功
2021-07-09 14:44:27 - INFO - <module>|446 -> 程序运行成功
2021-07-09 18:01:32 - INFO - <module>|441 -> 程序运行成功
2021-07-09 18:05:11 - INFO - <module>|443 -> 程序运行成功
2021-07-09 18:05:23 - INFO - <module>|443 -> 程序运行成功
2021-07-09 18:29:16 - INFO - <module>|441 -> 程序运行成功
2021-07-09 18:31:04 - INFO - <module>|441 -> 程序运行成功
2021-07-09 19:56:11 - INFO - <module>|464 -> 程序运行成功
2021-07-09 20:00:19 - INFO - <module>|464 -> 程序运行成功
2021-07-09 20:10:27 - INFO - <module>|470 -> 程序运行成功
2021-07-09 20:11:46 - INFO - <module>|470 -> 程序运行成功
2021-07-09 20:12:52 - INFO - <module>|470 -> 程序运行成功
2021-07-09 20:18:06 - INFO - <module>|470 -> 程序运行成功
2021-07-09 20:18:17 - WARNING - doWork|286 -> 职教云提交时长失败
2021-07-09 20:18:18 - WARNING - doWork|286 -> 职教云提交时长失败
2021-07-09 20:18:18 - WARNING - doWork|286 -> 职教云提交时长失败
2021-07-09 20:18:18 - WARNING - doWork|286 -> 职教云提交时长失败
2021-07-09 20:18:19 - WARNING - doWork|286 -> 职教云提交时长失败
2021-07-09 20:18:19 - WARNING - doWork|286 -> 职教云提交时长失败
2021-07-09 20:18:20 - WARNING - doWork|286 -> 职教云提交时长失败
2021-07-09 20:22:17 - INFO - <module>|470 -> 程序运行成功
2021-07-09 20:26:56 - INFO - <module>|470 -> 程序运行成功
2021-07-09 20:29:06 - INFO - <module>|472 -> 程序运行成功
2021-07-09 20:29:25 - WARNING - doWork|288 -> 职教云提交时长失败
2021-07-09 20:29:28 - WARNING - doWork|288 -> 职教云提交时长失败
2021-07-09 20:29:37 - WARNING - doWork|288 -> 职教云提交时长失败
2021-07-09 20:29:46 - WARNING - doWork|288 -> 职教云提交时长失败
2021-07-09 20:29:48 - WARNING - doWork|288 -> 职教云提交时长失败
2021-07-09 20:30:47 - INFO - <module>|471 -> 程序运行成功
2021-07-09 20:31:56 - INFO - <module>|471 -> 程序运行成功
2021-07-09 20:32:20 - INFO - <module>|471 -> 程序运行成功
2021-07-09 20:32:34 - WARNING - doWork|287 -> 职教云提交时长失败
2021-07-09 20:32:45 - WARNING - doWork|287 -> 职教云提交时长失败
2021-07-09 20:32:48 - WARNING - doWork|287 -> 职教云提交时长失败
2021-07-09 20:32:50 - WARNING - doWork|287 -> 职教云提交时长失败
2021-07-09 20:32:53 - WARNING - doWork|287 -> 职教云提交时长失败
2021-07-09 20:32:55 - WARNING - doWork|287 -> 职教云提交时长失败
2021-07-09 20:32:58 - WARNING - doWork|287 -> 职教云提交时长失败
2021-07-09 20:33:00 - WARNING - doWork|287 -> 职教云提交时长失败
2021-07-09 20:33:02 - WARNING - doWork|287 -> 职教云提交时长失败
2021-07-09 20:33:05 - WARNING - doWork|287 -> 职教云提交时长失败
2021-07-09 20:33:07 - WARNING - doWork|287 -> 职教云提交时长失败
2021-07-09 20:33:10 - WARNING - doWork|287 -> 职教云提交时长失败
2021-07-09 20:33:12 - WARNING - doWork|287 -> 职教云提交时长失败
2021-07-09 20:33:14 - WARNING - doWork|287 -> 职教云提交时长失败
2021-07-09 20:33:17 - WARNING - doWork|287 -> 职教云提交时长失败
2021-07-09 20:33:19 - WARNING - doWork|287 -> 职教云提交时长失败
2021-07-09 20:33:21 - WARNING - doWork|287 -> 职教云提交时长失败
2021-07-09 20:35:57 - INFO - <module>|472 -> 程序运行成功
2021-07-09 20:50:00 - INFO - <module>|477 -> 程序运行成功
2021-07-09 20:50:06 - WARNING - doWork|272 -> 职教云提交时长失败
2021-07-09 20:50:13 - WARNING - doWork|272 -> 职教云提交时长失败
2021-07-09 20:50:19 - WARNING - doWork|272 -> 职教云提交时长失败
2021-07-09 20:50:26 - WARNING - doWork|272 -> 职教云提交时长失败
2021-07-09 20:50:32 - WARNING - doWork|272 -> 职教云提交时长失败
2021-07-09 20:50:38 - WARNING - doWork|272 -> 职教云提交时长失败
2021-07-09 20:51:10 - WARNING - doWork|272 -> 职教云提交时长失败
2021-07-09 20:58:45 - INFO - <module>|475 -> 程序运行成功
2021-07-09 20:58:57 - WARNING - doWork|292 -> 职教云提交时长失败
2021-07-09 20:58:57 - WARNING - doWork|292 -> 职教云提交时长失败
2021-07-09 20:58:58 - WARNING - doWork|292 -> 职教云提交时长失败
2021-07-09 20:58:58 - WARNING - doWork|292 -> 职教云提交时长失败
2021-07-09 20:58:59 - WARNING - doWork|292 -> 职教云提交时长失败
2021-07-09 20:58:59 - WARNING - doWork|292 -> 职教云提交时长失败
2021-07-09 20:59:00 - WARNING - doWork|292 -> 职教云提交时长失败
2021-07-09 20:59:00 - WARNING - doWork|292 -> 职教云提交时长失败
2021-07-09 20:59:00 - WARNING - doWork|292 -> 职教云提交时长失败
2021-07-09 20:59:01 - WARNING - doWork|292 -> 职教云提交时长失败
2021-07-09 21:00:28 - INFO - <module>|477 -> 程序运行成功
2021-07-09 21:01:13 - INFO - <module>|477 -> 程序运行成功
2021-07-09 21:01:59 - WARNING - doWork|272 -> 职教云提交时长失败
2021-08-09 17:01:33 - INFO - <module>|492 -> 程序运行成功
2021-08-09 17:03:58 - INFO - <module>|494 -> 程序运行成功
2021-08-09 17:10:41 - INFO - <module>|494 -> 程序运行成功
2021-08-09 17:11:49 - INFO - <module>|495 -> 程序运行成功
2021-08-09 17:12:19 - WARNING - doWork|273 -> 职教云提交时长失败
2021-08-09 17:13:32 - INFO - <module>|497 -> 程序运行成功
2021-08-09 17:14:28 - INFO - <module>|497 -> 程序运行成功
2021-08-09 17:15:19 - INFO - <module>|497 -> 程序运行成功
2021-08-09 17:15:43 - INFO - <module>|497 -> 程序运行成功
2021-08-09 17:15:48 - WARNING - doWork|275 -> 职教云提交时长失败
2021-08-09 17:15:55 - WARNING - doWork|275 -> 职教云提交时长失败
2021-08-09 17:23:41 - INFO - <module>|500 -> 程序运行成功
2021-08-09 17:25:21 - INFO - <module>|502 -> 程序运行成功
2021-08-09 17:26:06 - INFO - <module>|502 -> 程序运行成功
2021-08-09 17:27:29 - INFO - <module>|504 -> 程序运行成功
2021-08-09 17:28:31 - INFO - <module>|501 -> 程序运行成功
2021-08-09 17:28:40 - WARNING - doWork|298 -> 职教云提交时长失败
2021-08-09 17:28:44 - WARNING - doWork|298 -> 职教云提交时长失败
2021-08-09 17:33:06 - INFO - <module>|501 -> 程序运行成功
2021-08-09 17:33:17 - WARNING - doWork|298 -> 职教云提交时长失败
2021-08-09 17:34:31 - INFO - <module>|501 -> 程序运行成功
2021-08-09 17:34:44 - WARNING - doWork|298 -> 职教云提交时长失败
2021-08-09 17:34:48 - WARNING - doWork|298 -> 职教云提交时长失败
2021-08-09 17:34:52 - WARNING - doWork|298 -> 职教云提交时长失败
2021-08-09 17:35:01 - WARNING - doWork|298 -> 职教云提交时长失败
2021-08-09 17:35:06 - WARNING - doWork|298 -> 职教云提交时长失败
2021-08-09 17:35:10 - WARNING - doWork|298 -> 职教云提交时长失败
2021-08-09 17:35:14 - WARNING - doWork|298 -> 职教云提交时长失败
2021-08-09 17:36:20 - INFO - <module>|501 -> 程序运行成功
2021-08-09 17:37:31 - INFO - <module>|501 -> 程序运行成功
2021-08-09 17:38:03 - INFO - <module>|501 -> 程序运行成功
2021-08-09 17:38:24 - INFO - <module>|501 -> 程序运行成功
2021-08-09 17:41:14 - INFO - <module>|501 -> 程序运行成功
2021-08-09 17:41:36 - INFO - <module>|501 -> 程序运行成功
2021-08-09 17:42:36 - INFO - <module>|501 -> 程序运行成功
2021-08-09 19:14:40 - INFO - <module>|501 -> 程序运行成功
2021-08-09 19:18:35 - INFO - <module>|501 -> 程序运行成功
2021-08-09 19:32:33 - INFO - <module>|505 -> 程序运行成功
2021-08-09 19:48:11 - INFO - <module>|596 -> 程序运行成功
2021-09-09 10:10:10 - INFO - <module>|529 -> 程序运行成功
2021-09-09 10:12:26 - INFO - <module>|529 -> 程序运行成功
2021-09-09 10:14:28 - INFO - <module>|534 -> 程序运行成功
2021-09-09 10:14:56 - INFO - <module>|534 -> 程序运行成功
2021-09-09 10:24:08 - INFO - <module>|534 -> 程序运行成功
2021-09-09 10:26:27 - INFO - <module>|539 -> 程序运行成功
2021-09-09 10:39:28 - INFO - <module>|545 -> 程序运行成功
2021-09-09 10:40:11 - INFO - <module>|545 -> 程序运行成功
2021-09-09 10:41:24 - INFO - <module>|546 -> 程序运行成功
2021-09-09 10:42:40 - INFO - <module>|546 -> 程序运行成功
2021-09-09 10:44:33 - INFO - <module>|546 -> 程序运行成功
2021-09-09 10:44:55 - INFO - <module>|546 -> 程序运行成功
2021-09-09 10:51:15 - INFO - <module>|529 -> 程序运行成功
2021-09-09 11:04:24 - INFO - <module>|529 -> 程序运行成功
2021-09-09 11:05:47 - INFO - <module>|530 -> 程序运行成功
2021-09-09 11:06:19 - INFO - <module>|530 -> 程序运行成功
2021-09-09 11:06:32 - INFO - <module>|530 -> 程序运行成功
2021-09-09 11:07:45 - INFO - <module>|532 -> 程序运行成功
2021-09-09 11:09:05 - INFO - <module>|532 -> 程序运行成功
2021-09-09 11:13:31 - INFO - <module>|532 -> 程序运行成功
2021-09-09 11:17:16 - INFO - <module>|534 -> 程序运行成功
2021-09-09 11:20:36 - INFO - <module>|542 -> 程序运行成功
2021-09-09 11:22:06 - INFO - <module>|543 -> 程序运行成功
2021-09-09 11:23:48 - INFO - <module>|544 -> 程序运行成功
2021-09-09 11:24:37 - INFO - <module>|544 -> 程序运行成功
2021-09-09 11:25:10 - INFO - <module>|544 -> 程序运行成功
2021-09-09 11:27:09 - INFO - <module>|544 -> 程序运行成功
2021-09-09 11:28:13 - INFO - <module>|544 -> 程序运行成功
2021-09-09 11:29:34 - INFO - <module>|541 -> 程序运行成功
2021-09-09 11:30:27 - INFO - <module>|541 -> 程序运行成功
2021-09-09 11:30:56 - INFO - <module>|541 -> 程序运行成功
2021-10-09 17:10:18 - INFO - <module>|541 -> 程序运行成功
2021-10-09 17:11:01 - WARNING - zjyShowProcess|352 -> 进度获取失败
2021-10-09 17:11:24 - WARNING - zjyShowProcess|352 -> 进度获取失败
2021-10-09 17:14:53 - WARNING - zjyShowProcess|352 -> 进度获取失败
2021-11-09 08:52:19 - INFO - <module>|541 -> 程序运行成功
2021-11-09 09:41:11 - INFO - <module>|541 -> 程序运行成功
2021-11-09 09:42:14 - INFO - <module>|541 -> 程序运行成功
2021-11-09 09:48:17 - INFO - <module>|542 -> 程序运行成功
2021-11-09 09:49:47 - INFO - <module>|542 -> 程序运行成功
